2025-04-04 07:23:55.652788 - Received CBT.V508.FILE293.PDS from FILE293.XMI 
2025-04-04 07:23:55.654014 - Found $$$#DATE.txt (text/plain) in CBT.V508.FILE293.PDS, moved to PDS/$$$#DATE
2025-04-04 07:23:55.654151 - Found $$NOTE01.txt (text/plain) in CBT.V508.FILE293.PDS, moved to PDS/$$NOTE01
2025-04-04 07:23:55.654285 - Found @FILE293.txt (text/plain) in CBT.V508.FILE293.PDS, moved to PDS/@FILE293
2025-04-04 07:23:55.654407 - Found CKIEBGE$.jcl (text/plain) in CBT.V508.FILE293.PDS, moved to PDS/CKIEBGE$
2025-04-04 07:23:55.654541 - Found CKIEBGEN.txt (text/plain) in CBT.V508.FILE293.PDS, moved to PDS/CKIEBGEN
2025-04-04 07:23:55.654660 - Found CKIEBG01.txt (text/plain) in CBT.V508.FILE293.PDS, moved to PDS/CKIEBG01
2025-04-04 07:23:55.654789 - Found CKIEBG02.txt (text/plain) in CBT.V508.FILE293.PDS, moved to PDS/CKIEBG02
2025-04-04 07:23:55.654921 - Found CKIEBG03.txt (text/plain) in CBT.V508.FILE293.PDS, moved to PDS/CKIEBG03
2025-04-04 07:23:55.655039 - Found CKIEBG04.txt (text/plain) in CBT.V508.FILE293.PDS, moved to PDS/CKIEBG04
2025-04-04 07:23:55.655151 - Found CKIEBG05.txt (text/plain) in CBT.V508.FILE293.PDS, moved to PDS/CKIEBG05
2025-04-04 07:23:55.655275 - Found CKIEBG06.txt (text/plain) in CBT.V508.FILE293.PDS, moved to PDS/CKIEBG06
2025-04-04 07:23:55.655392 - Found CKIEBG07.txt (text/plain) in CBT.V508.FILE293.PDS, moved to PDS/CKIEBG07
2025-04-04 07:23:55.655520 - Found CKIEBG08.txt (text/plain) in CBT.V508.FILE293.PDS, moved to PDS/CKIEBG08
2025-04-04 07:23:55.655638 - Found MANYRC#1.jcl (text/plain) in CBT.V508.FILE293.PDS, moved to PDS/MANYRC#1
2025-04-04 07:23:55.655750 - Found MANYRC#2.jcl (text/plain) in CBT.V508.FILE293.PDS, moved to PDS/MANYRC#2
2025-04-04 07:23:55.655867 - Found MANYRCD$.jcl (text/plain) in CBT.V508.FILE293.PDS, moved to PDS/MANYRCD$
2025-04-04 07:23:55.656000 - Found MANYRCDS.txt (text/plain) in CBT.V508.FILE293.PDS, moved to PDS/MANYRCDS
2025-04-04 07:23:55.656114 - Found SAMPJOB1.jcl (text/plain) in CBT.V508.FILE293.PDS, moved to PDS/SAMPJOB1
2025-04-04 07:23:55.656229 - Found SAMPJOB9.txt (text/plain) in CBT.V508.FILE293.PDS, moved to PDS/SAMPJOB9
2025-04-04 07:23:55.656345 - Found SAMPRPA3.txt (text/plain) in CBT.V508.FILE293.PDS, moved to PDS/SAMPRPA3
2025-04-04 07:23:55.656457 - Found SAMPRP02.txt (text/plain) in CBT.V508.FILE293.PDS, moved to PDS/SAMPRP02
2025-04-04 07:23:55.656597 - Found SAMPRP03.txt (text/plain) in CBT.V508.FILE293.PDS, moved to PDS/SAMPRP03
2025-04-04 07:23:55.656716 - Found SAMPRP04.txt (text/plain) in CBT.V508.FILE293.PDS, moved to PDS/SAMPRP04
2025-04-04 07:23:55.656824 - Found SAMPRP05.txt (text/plain) in CBT.V508.FILE293.PDS, moved to PDS/SAMPRP05
2025-04-04 07:23:55.656976 - Found SAMPRP06.txt (text/plain) in CBT.V508.FILE293.PDS, moved to PDS/SAMPRP06
